0 info it worked if it ends with ok
1 verbose cli [ '/usr/bin/nodejs', '/usr/bin/npm', 'install' ]
2 info using npm@1.3.10
3 info using node@v0.10.25
4 warn package.json devportfolio-template@1.1.3 No repository field.
5 verbose readDependencies using package.json deps
6 verbose install where, deps [ '/home/htg/Documents/Miscellaneous/harshateja-garimella.github.io',
6 verbose install   [ 'gulp',
6 verbose install     'gulp-autoprefixer',
6 verbose install     'gulp-plumber',
6 verbose install     'gulp-rename',
6 verbose install     'gulp-sass',
6 verbose install     'gulp-uglify',
6 verbose install     'gulp-wait' ] ]
7 info preinstall devportfolio-template@1.1.3
8 verbose readDependencies using package.json deps
9 verbose cache add [ 'gulp-plumber@^1.2.0', null ]
10 verbose cache add name=undefined spec="gulp-plumber@^1.2.0" args=["gulp-plumber@^1.2.0",null]
11 verbose parsed url { protocol: null,
11 verbose parsed url   slashes: null,
11 verbose parsed url   auth: null,
11 verbose parsed url   host: null,
11 verbose parsed url   port: null,
11 verbose parsed url   hostname: null,
11 verbose parsed url   hash: null,
11 verbose parsed url   search: null,
11 verbose parsed url   query: null,
11 verbose parsed url   pathname: 'gulp-plumber@^1.2.0',
11 verbose parsed url   path: 'gulp-plumber@^1.2.0',
11 verbose parsed url   href: 'gulp-plumber@^1.2.0' }
12 verbose cache add name="gulp-plumber" spec="^1.2.0" args=["gulp-plumber","^1.2.0"]
13 verbose parsed url { protocol: null,
13 verbose parsed url   slashes: null,
13 verbose parsed url   auth: null,
13 verbose parsed url   host: null,
13 verbose parsed url   port: null,
13 verbose parsed url   hostname: null,
13 verbose parsed url   hash: null,
13 verbose parsed url   search: null,
13 verbose parsed url   query: null,
13 verbose parsed url   pathname: '^1.2.0',
13 verbose parsed url   path: '^1.2.0',
13 verbose parsed url   href: '^1.2.0' }
14 verbose addNamed [ 'gulp-plumber', '^1.2.0' ]
15 verbose addNamed [ null, '>=1.2.0-0 <2.0.0-0' ]
16 verbose cache add [ 'gulp-sass@^4.0.2', null ]
17 verbose cache add name=undefined spec="gulp-sass@^4.0.2" args=["gulp-sass@^4.0.2",null]
18 verbose parsed url { protocol: null,
18 verbose parsed url   slashes: null,
18 verbose parsed url   auth: null,
18 verbose parsed url   host: null,
18 verbose parsed url   port: null,
18 verbose parsed url   hostname: null,
18 verbose parsed url   hash: null,
18 verbose parsed url   search: null,
18 verbose parsed url   query: null,
18 verbose parsed url   pathname: 'gulp-sass@^4.0.2',
18 verbose parsed url   path: 'gulp-sass@^4.0.2',
18 verbose parsed url   href: 'gulp-sass@^4.0.2' }
19 verbose cache add name="gulp-sass" spec="^4.0.2" args=["gulp-sass","^4.0.2"]
20 verbose parsed url { protocol: null,
20 verbose parsed url   slashes: null,
20 verbose parsed url   auth: null,
20 verbose parsed url   host: null,
20 verbose parsed url   port: null,
20 verbose parsed url   hostname: null,
20 verbose parsed url   hash: null,
20 verbose parsed url   search: null,
20 verbose parsed url   query: null,
20 verbose parsed url   pathname: '^4.0.2',
20 verbose parsed url   path: '^4.0.2',
20 verbose parsed url   href: '^4.0.2' }
21 verbose addNamed [ 'gulp-sass', '^4.0.2' ]
22 verbose addNamed [ null, '>=4.0.2-0 <5.0.0-0' ]
23 verbose cache add [ 'gulp-rename@^1.4.0', null ]
24 verbose cache add name=undefined spec="gulp-rename@^1.4.0" args=["gulp-rename@^1.4.0",null]
25 verbose parsed url { protocol: null,
25 verbose parsed url   slashes: null,
25 verbose parsed url   auth: null,
25 verbose parsed url   host: null,
25 verbose parsed url   port: null,
25 verbose parsed url   hostname: null,
25 verbose parsed url   hash: null,
25 verbose parsed url   search: null,
25 verbose parsed url   query: null,
25 verbose parsed url   pathname: 'gulp-rename@^1.4.0',
25 verbose parsed url   path: 'gulp-rename@^1.4.0',
25 verbose parsed url   href: 'gulp-rename@^1.4.0' }
26 verbose cache add name="gulp-rename" spec="^1.4.0" args=["gulp-rename","^1.4.0"]
27 verbose parsed url { protocol: null,
27 verbose parsed url   slashes: null,
27 verbose parsed url   auth: null,
27 verbose parsed url   host: null,
27 verbose parsed url   port: null,
27 verbose parsed url   hostname: null,
27 verbose parsed url   hash: null,
27 verbose parsed url   search: null,
27 verbose parsed url   query: null,
27 verbose parsed url   pathname: '^1.4.0',
27 verbose parsed url   path: '^1.4.0',
27 verbose parsed url   href: '^1.4.0' }
28 verbose addNamed [ 'gulp-rename', '^1.4.0' ]
29 verbose addNamed [ null, '>=1.4.0-0 <2.0.0-0' ]
30 verbose cache add [ 'gulp-uglify@^3.0.1', null ]
31 verbose cache add name=undefined spec="gulp-uglify@^3.0.1" args=["gulp-uglify@^3.0.1",null]
32 verbose parsed url { protocol: null,
32 verbose parsed url   slashes: null,
32 verbose parsed url   auth: null,
32 verbose parsed url   host: null,
32 verbose parsed url   port: null,
32 verbose parsed url   hostname: null,
32 verbose parsed url   hash: null,
32 verbose parsed url   search: null,
32 verbose parsed url   query: null,
32 verbose parsed url   pathname: 'gulp-uglify@^3.0.1',
32 verbose parsed url   path: 'gulp-uglify@^3.0.1',
32 verbose parsed url   href: 'gulp-uglify@^3.0.1' }
33 verbose cache add name="gulp-uglify" spec="^3.0.1" args=["gulp-uglify","^3.0.1"]
34 verbose parsed url { protocol: null,
34 verbose parsed url   slashes: null,
34 verbose parsed url   auth: null,
34 verbose parsed url   host: null,
34 verbose parsed url   port: null,
34 verbose parsed url   hostname: null,
34 verbose parsed url   hash: null,
34 verbose parsed url   search: null,
34 verbose parsed url   query: null,
34 verbose parsed url   pathname: '^3.0.1',
34 verbose parsed url   path: '^3.0.1',
34 verbose parsed url   href: '^3.0.1' }
35 verbose addNamed [ 'gulp-uglify', '^3.0.1' ]
36 verbose addNamed [ null, '>=3.0.1-0 <4.0.0-0' ]
37 silly lockFile 457d6db2-gulp-plumber-1-2-0 gulp-plumber@^1.2.0
38 verbose lock gulp-plumber@^1.2.0 /home/htg/.npm/457d6db2-gulp-plumber-1-2-0.lock
39 silly lockFile 8cd00967-gulp-sass-4-0-2 gulp-sass@^4.0.2
40 verbose lock gulp-sass@^4.0.2 /home/htg/.npm/8cd00967-gulp-sass-4-0-2.lock
41 silly lockFile 065dd433-gulp-rename-1-4-0 gulp-rename@^1.4.0
42 verbose lock gulp-rename@^1.4.0 /home/htg/.npm/065dd433-gulp-rename-1-4-0.lock
43 verbose cache add [ 'gulp-wait@0.0.2', null ]
44 verbose cache add name=undefined spec="gulp-wait@0.0.2" args=["gulp-wait@0.0.2",null]
45 verbose parsed url { protocol: null,
45 verbose parsed url   slashes: null,
45 verbose parsed url   auth: null,
45 verbose parsed url   host: null,
45 verbose parsed url   port: null,
45 verbose parsed url   hostname: null,
45 verbose parsed url   hash: null,
45 verbose parsed url   search: null,
45 verbose parsed url   query: null,
45 verbose parsed url   pathname: 'gulp-wait@0.0.2',
45 verbose parsed url   path: 'gulp-wait@0.0.2',
45 verbose parsed url   href: 'gulp-wait@0.0.2' }
46 verbose cache add name="gulp-wait" spec="0.0.2" args=["gulp-wait","0.0.2"]
47 verbose parsed url { protocol: null,
47 verbose parsed url   slashes: null,
47 verbose parsed url   auth: null,
47 verbose parsed url   host: null,
47 verbose parsed url   port: null,
47 verbose parsed url   hostname: null,
47 verbose parsed url   hash: null,
47 verbose parsed url   search: null,
47 verbose parsed url   query: null,
47 verbose parsed url   pathname: '0.0.2',
47 verbose parsed url   path: '0.0.2',
47 verbose parsed url   href: '0.0.2' }
48 verbose addNamed [ 'gulp-wait', '0.0.2' ]
49 verbose addNamed [ '0.0.2', '0.0.2' ]
50 silly lockFile b120fadd-gulp-wait-0-0-2 gulp-wait@0.0.2
51 verbose lock gulp-wait@0.0.2 /home/htg/.npm/b120fadd-gulp-wait-0-0-2.lock
52 verbose cache add [ 'gulp@^4.0.0', null ]
53 verbose cache add name=undefined spec="gulp@^4.0.0" args=["gulp@^4.0.0",null]
54 verbose parsed url { protocol: null,
54 verbose parsed url   slashes: null,
54 verbose parsed url   auth: null,
54 verbose parsed url   host: null,
54 verbose parsed url   port: null,
54 verbose parsed url   hostname: null,
54 verbose parsed url   hash: null,
54 verbose parsed url   search: null,
54 verbose parsed url   query: null,
54 verbose parsed url   pathname: 'gulp@^4.0.0',
54 verbose parsed url   path: 'gulp@^4.0.0',
54 verbose parsed url   href: 'gulp@^4.0.0' }
55 verbose cache add name="gulp" spec="^4.0.0" args=["gulp","^4.0.0"]
56 verbose parsed url { protocol: null,
56 verbose parsed url   slashes: null,
56 verbose parsed url   auth: null,
56 verbose parsed url   host: null,
56 verbose parsed url   port: null,
56 verbose parsed url   hostname: null,
56 verbose parsed url   hash: null,
56 verbose parsed url   search: null,
56 verbose parsed url   query: null,
56 verbose parsed url   pathname: '^4.0.0',
56 verbose parsed url   path: '^4.0.0',
56 verbose parsed url   href: '^4.0.0' }
57 verbose addNamed [ 'gulp', '^4.0.0' ]
58 verbose addNamed [ null, '>=4.0.0-0 <5.0.0-0' ]
59 silly lockFile 4a5217b8-gulp-4-0-0 gulp@^4.0.0
60 verbose lock gulp@^4.0.0 /home/htg/.npm/4a5217b8-gulp-4-0-0.lock
61 verbose cache add [ 'gulp-autoprefixer@^6.0.0', null ]
62 verbose cache add name=undefined spec="gulp-autoprefixer@^6.0.0" args=["gulp-autoprefixer@^6.0.0",null]
63 verbose parsed url { protocol: null,
63 verbose parsed url   slashes: null,
63 verbose parsed url   auth: null,
63 verbose parsed url   host: null,
63 verbose parsed url   port: null,
63 verbose parsed url   hostname: null,
63 verbose parsed url   hash: null,
63 verbose parsed url   search: null,
63 verbose parsed url   query: null,
63 verbose parsed url   pathname: 'gulp-autoprefixer@^6.0.0',
63 verbose parsed url   path: 'gulp-autoprefixer@^6.0.0',
63 verbose parsed url   href: 'gulp-autoprefixer@^6.0.0' }
64 verbose cache add name="gulp-autoprefixer" spec="^6.0.0" args=["gulp-autoprefixer","^6.0.0"]
65 verbose parsed url { protocol: null,
65 verbose parsed url   slashes: null,
65 verbose parsed url   auth: null,
65 verbose parsed url   host: null,
65 verbose parsed url   port: null,
65 verbose parsed url   hostname: null,
65 verbose parsed url   hash: null,
65 verbose parsed url   search: null,
65 verbose parsed url   query: null,
65 verbose parsed url   pathname: '^6.0.0',
65 verbose parsed url   path: '^6.0.0',
65 verbose parsed url   href: '^6.0.0' }
66 verbose addNamed [ 'gulp-autoprefixer', '^6.0.0' ]
67 verbose addNamed [ null, '>=6.0.0-0 <7.0.0-0' ]
68 silly lockFile 38c0064e-gulp-autoprefixer-6-0-0 gulp-autoprefixer@^6.0.0
69 verbose lock gulp-autoprefixer@^6.0.0 /home/htg/.npm/38c0064e-gulp-autoprefixer-6-0-0.lock
70 silly lockFile 90047da6-gulp-uglify-3-0-1 gulp-uglify@^3.0.1
71 verbose lock gulp-uglify@^3.0.1 /home/htg/.npm/90047da6-gulp-uglify-3-0-1.lock
72 silly addNameRange { name: 'gulp-plumber',
72 silly addNameRange   range: '>=1.2.0-0 <2.0.0-0',
72 silly addNameRange   hasData: false }
73 silly addNameRange { name: 'gulp-sass',
73 silly addNameRange   range: '>=4.0.2-0 <5.0.0-0',
73 silly addNameRange   hasData: false }
74 silly addNameRange { name: 'gulp-rename',
74 silly addNameRange   range: '>=1.4.0-0 <2.0.0-0',
74 silly addNameRange   hasData: false }
75 silly addNameRange { name: 'gulp', range: '>=4.0.0-0 <5.0.0-0', hasData: false }
76 silly addNameRange { name: 'gulp-autoprefixer',
76 silly addNameRange   range: '>=6.0.0-0 <7.0.0-0',
76 silly addNameRange   hasData: false }
77 silly addNameRange { name: 'gulp-uglify',
77 silly addNameRange   range: '>=3.0.1-0 <4.0.0-0',
77 silly addNameRange   hasData: false }
78 verbose url raw gulp-plumber
79 verbose url resolving [ 'https://registry.npmjs.org/', './gulp-plumber' ]
80 verbose url resolved https://registry.npmjs.org/gulp-plumber
81 info trying registry request attempt 1 at 10:21:13
82 http GET https://registry.npmjs.org/gulp-plumber
83 verbose url raw gulp-sass
84 verbose url resolving [ 'https://registry.npmjs.org/', './gulp-sass' ]
85 verbose url resolved https://registry.npmjs.org/gulp-sass
86 info trying registry request attempt 1 at 10:21:13
87 http GET https://registry.npmjs.org/gulp-sass
88 verbose url raw gulp-rename
89 verbose url resolving [ 'https://registry.npmjs.org/', './gulp-rename' ]
90 verbose url resolved https://registry.npmjs.org/gulp-rename
91 info trying registry request attempt 1 at 10:21:13
92 http GET https://registry.npmjs.org/gulp-rename
93 verbose url raw gulp-wait/0.0.2
94 verbose url resolving [ 'https://registry.npmjs.org/', './gulp-wait/0.0.2' ]
95 verbose url resolved https://registry.npmjs.org/gulp-wait/0.0.2
96 info trying registry request attempt 1 at 10:21:13
97 http GET https://registry.npmjs.org/gulp-wait/0.0.2
98 verbose url raw gulp
99 verbose url resolving [ 'https://registry.npmjs.org/', './gulp' ]
100 verbose url resolved https://registry.npmjs.org/gulp
101 info trying registry request attempt 1 at 10:21:13
102 http GET https://registry.npmjs.org/gulp
103 verbose url raw gulp-autoprefixer
104 verbose url resolving [ 'https://registry.npmjs.org/', './gulp-autoprefixer' ]
105 verbose url resolved https://registry.npmjs.org/gulp-autoprefixer
106 info trying registry request attempt 1 at 10:21:13
107 http GET https://registry.npmjs.org/gulp-autoprefixer
108 verbose url raw gulp-uglify
109 verbose url resolving [ 'https://registry.npmjs.org/', './gulp-uglify' ]
110 verbose url resolved https://registry.npmjs.org/gulp-uglify
111 info trying registry request attempt 1 at 10:21:13
112 http GET https://registry.npmjs.org/gulp-uglify
113 info retry will retry, error on last attempt: Error: CERT_UNTRUSTED
114 info retry will retry, error on last attempt: Error: CERT_UNTRUSTED
115 info retry will retry, error on last attempt: Error: CERT_UNTRUSTED
116 info retry will retry, error on last attempt: Error: CERT_UNTRUSTED
117 info retry will retry, error on last attempt: Error: CERT_UNTRUSTED
118 info retry will retry, error on last attempt: Error: CERT_UNTRUSTED
119 info retry will retry, error on last attempt: Error: CERT_UNTRUSTED
120 info trying registry request attempt 2 at 10:21:24
121 http GET https://registry.npmjs.org/gulp-plumber
122 info trying registry request attempt 2 at 10:21:24
123 http GET https://registry.npmjs.org/gulp
124 info trying registry request attempt 2 at 10:21:24
125 http GET https://registry.npmjs.org/gulp-sass
126 info trying registry request attempt 2 at 10:21:24
127 http GET https://registry.npmjs.org/gulp-wait/0.0.2
128 info trying registry request attempt 2 at 10:21:24
129 http GET https://registry.npmjs.org/gulp-rename
130 info trying registry request attempt 2 at 10:21:24
131 http GET https://registry.npmjs.org/gulp-autoprefixer
132 info retry will retry, error on last attempt: Error: CERT_UNTRUSTED
133 info retry will retry, error on last attempt: Error: CERT_UNTRUSTED
134 info trying registry request attempt 2 at 10:21:24
135 http GET https://registry.npmjs.org/gulp-uglify
136 info retry will retry, error on last attempt: Error: CERT_UNTRUSTED
137 info retry will retry, error on last attempt: Error: CERT_UNTRUSTED
138 info retry will retry, error on last attempt: Error: CERT_UNTRUSTED
139 info retry will retry, error on last attempt: Error: CERT_UNTRUSTED
140 info retry will retry, error on last attempt: Error: CERT_UNTRUSTED
141 info trying registry request attempt 3 at 10:22:24
142 http GET https://registry.npmjs.org/gulp-plumber
143 info trying registry request attempt 3 at 10:22:24
144 http GET https://registry.npmjs.org/gulp-wait/0.0.2
145 info trying registry request attempt 3 at 10:22:24
146 http GET https://registry.npmjs.org/gulp-sass
147 info trying registry request attempt 3 at 10:22:24
148 http GET https://registry.npmjs.org/gulp
149 info trying registry request attempt 3 at 10:22:24
150 http GET https://registry.npmjs.org/gulp-rename
151 info trying registry request attempt 3 at 10:22:24
152 http GET https://registry.npmjs.org/gulp-uglify
153 info trying registry request attempt 3 at 10:22:24
154 http GET https://registry.npmjs.org/gulp-autoprefixer
155 silly lockFile 4a5217b8-gulp-4-0-0 gulp@^4.0.0
156 silly lockFile 4a5217b8-gulp-4-0-0 gulp@^4.0.0
157 error Error: CERT_UNTRUSTED
157 error     at SecurePair.<anonymous> (tls.js:1370:32)
157 error     at SecurePair.EventEmitter.emit (events.js:92:17)
157 error     at SecurePair.maybeInitFinished (tls.js:982:10)
157 error     at CleartextStream.read [as _read] (tls.js:469:13)
157 error     at CleartextStream.Readable.read (_stream_readable.js:320:10)
157 error     at EncryptedStream.write [as _write] (tls.js:366:25)
157 error     at doWrite (_stream_writable.js:223:10)
157 error     at writeOrBuffer (_stream_writable.js:213:5)
157 error     at EncryptedStream.Writable.write (_stream_writable.js:180:11)
157 error     at write (_stream_readable.js:583:24)
157 error     at flow (_stream_readable.js:592:7)
157 error     at Socket.pipeOnReadable (_stream_readable.js:624:5)
158 error If you need help, you may report this log at:
158 error     <http://github.com/isaacs/npm/issues>
158 error or email it to:
158 error     <npm-@googlegroups.com>
159 error System Linux 4.4.0-135-generic
160 error command "/usr/bin/nodejs" "/usr/bin/npm" "install"
161 error cwd /home/htg/Documents/Miscellaneous/harshateja-garimella.github.io
162 error node -v v0.10.25
163 error npm -v 1.3.10
164 verbose exit [ 1, true ]
